Classic Timing Analyzer report for IgualCompleto
Mon Aug 22 13:54:50 2022
Quartus II Version 9.1 Build 350 03/24/2010 Service Pack 2 SJ Full Version


---------------------
; Table of Contents ;
---------------------
  1. Legal Notice
  2. Timing Analyzer Summary
  3. Timing Analyzer Settings
  4. Parallel Compilation
  5. tpd
  6. Timing Analyzer Messages



----------------
; Legal Notice ;
----------------
Copyright (C) 1991-2010 Altera Corporation
Your use of Altera Corporation's design tools, logic functions 
and other software and tools, and its AMPP partner logic 
functions, and any output files from any of the foregoing 
(including device programming or simulation files), and any 
associated documentation or information are expressly subject 
to the terms and conditions of the Altera Program License 
Subscription Agreement, Altera MegaCore Function License 
Agreement, or other applicable license agreement, including, 
without limitation, that your use is for the sole purpose of 
programming logic devices manufactured by Altera and sold by 
Altera or its authorized distributors.  Please refer to the 
applicable agreement for further details.



+-------------------------------------------------------------------------------------------------------------------------------------+
; Timing Analyzer Summary                                                                                                             ;
+------------------------------+-------+---------------+-------------+------------+------------+------------+----------+--------------+
; Type                         ; Slack ; Required Time ; Actual Time ; From       ; To         ; From Clock ; To Clock ; Failed Paths ;
+------------------------------+-------+---------------+-------------+------------+------------+------------+----------+--------------+
; Worst-case tpd               ; N/A   ; None          ; 13.938 ns   ; numeroB[2] ; comparador ; --         ; --       ; 0            ;
; Total number of failed paths ;       ;               ;             ;            ;            ;            ;          ; 0            ;
+------------------------------+-------+---------------+-------------+------------+------------+------------+----------+--------------+


+-----------------------------------------------------------------------------------------------------------------------------------------------------+
; Timing Analyzer Settings                                                                                                                            ;
+------------------------------------------------------------------------------------------------------+--------------------+------+----+-------------+
; Option                                                                                               ; Setting            ; From ; To ; Entity Name ;
+------------------------------------------------------------------------------------------------------+--------------------+------+----+-------------+
; Device Name                                                                                          ; EP2C5AF256A7       ;      ;    ;             ;
; Timing Models                                                                                        ; Final              ;      ;    ;             ;
; Default hold multicycle                                                                              ; Same as Multicycle ;      ;    ;             ;
; Cut paths between unrelated clock domains                                                            ; On                 ;      ;    ;             ;
; Cut off read during write signal paths                                                               ; On                 ;      ;    ;             ;
; Cut off feedback from I/O pins                                                                       ; On                 ;      ;    ;             ;
; Report Combined Fast/Slow Timing                                                                     ; Off                ;      ;    ;             ;
; Ignore Clock Settings                                                                                ; Off                ;      ;    ;             ;
; Analyze latches as synchronous elements                                                              ; On                 ;      ;    ;             ;
; Enable Recovery/Removal analysis                                                                     ; Off                ;      ;    ;             ;
; Enable Clock Latency                                                                                 ; Off                ;      ;    ;             ;
; Use TimeQuest Timing Analyzer                                                                        ; Off                ;      ;    ;             ;
; Minimum Core Junction Temperature                                                                    ; -40                ;      ;    ;             ;
; Maximum Core Junction Temperature                                                                    ; 125                ;      ;    ;             ;
; Number of source nodes to report per destination node                                                ; 10                 ;      ;    ;             ;
; Number of destination nodes to report                                                                ; 10                 ;      ;    ;             ;
; Number of paths to report                                                                            ; 200                ;      ;    ;             ;
; Report Minimum Timing Checks                                                                         ; Off                ;      ;    ;             ;
; Use Fast Timing Models                                                                               ; Off                ;      ;    ;             ;
; Report IO Paths Separately                                                                           ; Off                ;      ;    ;             ;
; Perform Multicorner Analysis                                                                         ; On                 ;      ;    ;             ;
; Reports the worst-case path for each clock domain and analysis                                       ; Off                ;      ;    ;             ;
; Reports worst-case timing paths for each clock domain and analysis                                   ; On                 ;      ;    ;             ;
; Specifies the maximum number of worst-case timing paths to report for each clock domain and analysis ; 100                ;      ;    ;             ;
; Removes common clock path pessimism (CCPP) during slack computation                                  ; Off                ;      ;    ;             ;
; Output I/O Timing Endpoint                                                                           ; Near End           ;      ;    ;             ;
+------------------------------------------------------------------------------------------------------+--------------------+------+----+-------------+


+------------------------------------------+
; Parallel Compilation                     ;
+----------------------------+-------------+
; Processors                 ; Number      ;
+----------------------------+-------------+
; Number detected on machine ; 8           ;
; Maximum allowed            ; 8           ;
;                            ;             ;
; Average used               ; 1.00        ;
; Maximum used               ; 1           ;
;                            ;             ;
; Usage by Processor         ; % Time Used ;
;     1 processor            ; 100.0%      ;
;     2-8 processors         ;   0.0%      ;
+----------------------------+-------------+


+-----------------------------------------------------------------------+
; tpd                                                                   ;
+-------+-------------------+-----------------+------------+------------+
; Slack ; Required P2P Time ; Actual P2P Time ; From       ; To         ;
+-------+-------------------+-----------------+------------+------------+
; N/A   ; None              ; 13.938 ns       ; numeroB[2] ; comparador ;
; N/A   ; None              ; 13.454 ns       ; numeroA[2] ; comparador ;
; N/A   ; None              ; 13.163 ns       ; numeroA[1] ; comparador ;
; N/A   ; None              ; 12.803 ns       ; numeroB[1] ; comparador ;
; N/A   ; None              ; 12.698 ns       ; numeroA[4] ; comparador ;
; N/A   ; None              ; 12.617 ns       ; numeroA[3] ; comparador ;
; N/A   ; None              ; 12.437 ns       ; numeroB[4] ; comparador ;
; N/A   ; None              ; 10.745 ns       ; selet[2]   ; comparador ;
; N/A   ; None              ; 10.020 ns       ; selet[1]   ; comparador ;
; N/A   ; None              ; 9.611 ns        ; numeroB[3] ; comparador ;
; N/A   ; None              ; 9.149 ns        ; numeroA[0] ; comparador ;
; N/A   ; None              ; 8.890 ns        ; numeroB[0] ; comparador ;
; N/A   ; None              ; 6.482 ns        ; selet[0]   ; comparador ;
+-------+-------------------+-----------------+------------+------------+


+--------------------------+
; Timing Analyzer Messages ;
+--------------------------+
Info: *******************************************************************
Info: Running Quartus II Classic Timing Analyzer
    Info: Version 9.1 Build 350 03/24/2010 Service Pack 2 SJ Full Version
    Info: Processing started: Mon Aug 22 13:54:50 2022
Info: Command: quartus_tan --read_settings_files=off --write_settings_files=off IgualCompleto -c IgualCompleto --timing_analysis_only
Info: Parallel compilation is enabled and will use 8 of the 8 processors detected
Info: Longest tpd from source pin "numeroB[2]" to destination pin "comparador" is 13.938 ns
    Info: 1: + IC(0.000 ns) + CELL(0.880 ns) = 0.880 ns; Loc. = PIN_T3; Fanout = 3; PIN Node = 'numeroB[2]'
    Info: 2: + IC(5.925 ns) + CELL(0.534 ns) = 7.339 ns; Loc. = LCCOMB_X1_Y11_N20; Fanout = 2; COMB Node = 'inst9~8'
    Info: 3: + IC(0.341 ns) + CELL(0.560 ns) = 8.240 ns; Loc. = LCCOMB_X1_Y11_N2; Fanout = 1; COMB Node = 'inst9~11'
    Info: 4: + IC(0.311 ns) + CELL(0.534 ns) = 9.085 ns; Loc. = LCCOMB_X1_Y11_N12; Fanout = 1; COMB Node = 'inst9~12'
    Info: 5: + IC(0.335 ns) + CELL(0.565 ns) = 9.985 ns; Loc. = LCCOMB_X1_Y11_N22; Fanout = 1; COMB Node = 'inst11~0'
    Info: 6: + IC(0.305 ns) + CELL(0.184 ns) = 10.474 ns; Loc. = LCCOMB_X1_Y11_N16; Fanout = 1; COMB Node = 'inst11~1'
    Info: 7: + IC(0.539 ns) + CELL(2.925 ns) = 13.938 ns; Loc. = PIN_E2; Fanout = 0; PIN Node = 'comparador'
    Info: Total cell delay = 6.182 ns ( 44.35 % )
    Info: Total interconnect delay = 7.756 ns ( 55.65 % )
Info: Quartus II Classic Timing Analyzer was successful. 0 errors, 0 warnings
    Info: Peak virtual memory: 186 megabytes
    Info: Processing ended: Mon Aug 22 13:54:50 2022
    Info: Elapsed time: 00:00:00
    Info: Total CPU time (on all processors): 00:00:00


