Analysis & Synthesis report for IgualCompleto
Mon Aug 22 16:56:49 2022
Quartus II Version 9.1 Build 350 03/24/2010 Service Pack 2 SJ Full Version


---------------------
; Table of Contents ;
---------------------
  1. Legal Notice
  2. Analysis & Synthesis Summary
  3. Analysis & Synthesis Settings
  4. Parallel Compilation
  5. Analysis & Synthesis Source Files Read
  6. Analysis & Synthesis Resource Usage Summary
  7. Analysis & Synthesis Resource Utilization by Entity
  8. General Register Statistics
  9. Parameter Settings for User Entity Instance: LASTone:inst12|displayDireita:inst|lpm_inv0:inst65|lpm_inv:lpm_inv_component
 10. Parameter Settings for User Entity Instance: LASTone:inst12|displayEsquerda:inst1|lpm_inv0:inst33|lpm_inv:lpm_inv_component
 11. Parameter Settings for User Entity Instance: displayentrada:inst23|displayDireita:inst|lpm_inv0:inst65|lpm_inv:lpm_inv_component
 12. Parameter Settings for User Entity Instance: displayentrada:inst23|displayEsquerda:inst1|lpm_inv0:inst33|lpm_inv:lpm_inv_component
 13. Parameter Settings for User Entity Instance: displayentrada:inst21|displayDireita:inst|lpm_inv0:inst65|lpm_inv:lpm_inv_component
 14. Parameter Settings for User Entity Instance: displayentrada:inst21|displayEsquerda:inst1|lpm_inv0:inst33|lpm_inv:lpm_inv_component
 15. Analysis & Synthesis Messages



----------------
; Legal Notice ;
----------------
Copyright (C) 1991-2010 Altera Corporation
Your use of Altera Corporation's design tools, logic functions 
and other software and tools, and its AMPP partner logic 
functions, and any output files from any of the foregoing 
(including device programming or simulation files), and any 
associated documentation or information are expressly subject 
to the terms and conditions of the Altera Program License 
Subscription Agreement, Altera MegaCore Function License 
Agreement, or other applicable license agreement, including, 
without limitation, that your use is for the sole purpose of 
programming logic devices manufactured by Altera and sold by 
Altera or its authorized distributors.  Please refer to the 
applicable agreement for further details.



+------------------------------------------------------------------------------------+
; Analysis & Synthesis Summary                                                       ;
+------------------------------------+-----------------------------------------------+
; Analysis & Synthesis Status        ; Successful - Mon Aug 22 16:56:49 2022         ;
; Quartus II Version                 ; 9.1 Build 350 03/24/2010 SP 2 SJ Full Version ;
; Revision Name                      ; IgualCompleto                                 ;
; Top-level Entity Name              ; MUX_ULA                                       ;
; Family                             ; Cyclone IV E                                  ;
; Total logic elements               ; 68                                            ;
;     Total combinational functions  ; 68                                            ;
;     Dedicated logic registers      ; 0                                             ;
; Total registers                    ; 0                                             ;
; Total pins                         ; 61                                            ;
; Total virtual pins                 ; 0                                             ;
; Total memory bits                  ; 0                                             ;
; Embedded Multiplier 9-bit elements ; 0                                             ;
; Total PLLs                         ; 0                                             ;
+------------------------------------+-----------------------------------------------+


+----------------------------------------------------------------------------------------------------------------------+
; Analysis & Synthesis Settings                                                                                        ;
+----------------------------------------------------------------------------+--------------------+--------------------+
; Option                                                                     ; Setting            ; Default Value      ;
+----------------------------------------------------------------------------+--------------------+--------------------+
; Device                                                                     ; EP4CE115F29C7      ;                    ;
; Top-level entity name                                                      ; MUX_ULA            ; IgualCompleto      ;
; Family name                                                                ; Cyclone IV E       ; Stratix II         ;
; Use Generated Physical Constraints File                                    ; Off                ;                    ;
; Use smart compilation                                                      ; Off                ; Off                ;
; Enable parallel Assembler and TimeQuest Timing Analyzer during compilation ; On                 ; On                 ;
; Enable compact report table                                                ; Off                ; Off                ;
; Restructure Multiplexers                                                   ; Auto               ; Auto               ;
; Create Debugging Nodes for IP Cores                                        ; Off                ; Off                ;
; Preserve fewer node names                                                  ; On                 ; On                 ;
; Disable OpenCore Plus hardware evaluation                                  ; Off                ; Off                ;
; Verilog Version                                                            ; Verilog_2001       ; Verilog_2001       ;
; VHDL Version                                                               ; VHDL_1993          ; VHDL_1993          ;
; State Machine Processing                                                   ; Auto               ; Auto               ;
; Safe State Machine                                                         ; Off                ; Off                ;
; Extract Verilog State Machines                                             ; On                 ; On                 ;
; Extract VHDL State Machines                                                ; On                 ; On                 ;
; Ignore Verilog initial constructs                                          ; Off                ; Off                ;
; Iteration limit for constant Verilog loops                                 ; 5000               ; 5000               ;
; Iteration limit for non-constant Verilog loops                             ; 250                ; 250                ;
; Add Pass-Through Logic to Inferred RAMs                                    ; On                 ; On                 ;
; Parallel Synthesis                                                         ; On                 ; On                 ;
; DSP Block Balancing                                                        ; Auto               ; Auto               ;
; NOT Gate Push-Back                                                         ; On                 ; On                 ;
; Power-Up Don't Care                                                        ; On                 ; On                 ;
; Remove Redundant Logic Cells                                               ; Off                ; Off                ;
; Remove Duplicate Registers                                                 ; On                 ; On                 ;
; Ignore CARRY Buffers                                                       ; Off                ; Off                ;
; Ignore CASCADE Buffers                                                     ; Off                ; Off                ;
; Ignore GLOBAL Buffers                                                      ; Off                ; Off                ;
; Ignore ROW GLOBAL Buffers                                                  ; Off                ; Off                ;
; Ignore LCELL Buffers                                                       ; Off                ; Off                ;
; Ignore SOFT Buffers                                                        ; On                 ; On                 ;
; Limit AHDL Integers to 32 Bits                                             ; Off                ; Off                ;
; Optimization Technique                                                     ; Balanced           ; Balanced           ;
; Carry Chain Length                                                         ; 70                 ; 70                 ;
; Auto Carry Chains                                                          ; On                 ; On                 ;
; Auto Open-Drain Pins                                                       ; On                 ; On                 ;
; Perform WYSIWYG Primitive Resynthesis                                      ; Off                ; Off                ;
; Auto ROM Replacement                                                       ; On                 ; On                 ;
; Auto RAM Replacement                                                       ; On                 ; On                 ;
; Auto DSP Block Replacement                                                 ; On                 ; On                 ;
; Auto Shift Register Replacement                                            ; Auto               ; Auto               ;
; Auto Clock Enable Replacement                                              ; On                 ; On                 ;
; Strict RAM Replacement                                                     ; Off                ; Off                ;
; Allow Synchronous Control Signals                                          ; On                 ; On                 ;
; Force Use of Synchronous Clear Signals                                     ; Off                ; Off                ;
; Auto RAM Block Balancing                                                   ; On                 ; On                 ;
; Auto RAM to Logic Cell Conversion                                          ; Off                ; Off                ;
; Auto Resource Sharing                                                      ; Off                ; Off                ;
; Allow Any RAM Size For Recognition                                         ; Off                ; Off                ;
; Allow Any ROM Size For Recognition                                         ; Off                ; Off                ;
; Allow Any Shift Register Size For Recognition                              ; Off                ; Off                ;
; Use LogicLock Constraints during Resource Balancing                        ; On                 ; On                 ;
; Ignore translate_off and synthesis_off directives                          ; Off                ; Off                ;
; Timing-Driven Synthesis                                                    ; On                 ; On                 ;
; Show Parameter Settings Tables in Synthesis Report                         ; On                 ; On                 ;
; Ignore Maximum Fan-Out Assignments                                         ; Off                ; Off                ;
; Synchronization Register Chain Length                                      ; 2                  ; 2                  ;
; PowerPlay Power Optimization                                               ; Normal compilation ; Normal compilation ;
; HDL message level                                                          ; Level2             ; Level2             ;
; Suppress Register Optimization Related Messages                            ; Off                ; Off                ;
; Number of Removed Registers Reported in Synthesis Report                   ; 5000               ; 5000               ;
; Number of Inverted Registers Reported in Synthesis Report                  ; 100                ; 100                ;
; Clock MUX Protection                                                       ; On                 ; On                 ;
; Auto Gated Clock Conversion                                                ; Off                ; Off                ;
; Block Design Naming                                                        ; Auto               ; Auto               ;
; SDC constraint protection                                                  ; Off                ; Off                ;
; Synthesis Effort                                                           ; Auto               ; Auto               ;
; Shift Register Replacement - Allow Asynchronous Clear Signal               ; On                 ; On                 ;
; Analysis & Synthesis Message Level                                         ; Medium             ; Medium             ;
; Disable Register Merging Across Hierarchies                                ; Auto               ; Auto               ;
; Resource Aware Inference For Block RAM                                     ; On                 ; On                 ;
+----------------------------------------------------------------------------+--------------------+--------------------+


+------------------------------------------+
; Parallel Compilation                     ;
+----------------------------+-------------+
; Processors                 ; Number      ;
+----------------------------+-------------+
; Number detected on machine ; 8           ;
; Maximum allowed            ; 8           ;
;                            ;             ;
; Average used               ; 1.00        ;
; Maximum used               ; 1           ;
;                            ;             ;
; Usage by Processor         ; % Time Used ;
;     1 processor            ; 100.0%      ;
;     2-8 processors         ;   0.0%      ;
+----------------------------+-------------+


+-------------------------------------------------------------------------------------------------------------------------------------------------------------------------------------------+
; Analysis & Synthesis Source Files Read                                                                                                                                                    ;
+----------------------------------+-----------------+------------------------------------+-------------------------------------------------------------------------------------------------+
; File Name with User-Entered Path ; Used in Netlist ; File Type                          ; File Name with Absolute Path                                                                    ;
+----------------------------------+-----------------+------------------------------------+-------------------------------------------------------------------------------------------------+
; display/displayDireita.bdf       ; yes             ; User Block Diagram/Schematic File  ; E:/Users/mms11/Downloads/ProjetoULA-20220822T163714Z-001/ProjetoULA/display/displayDireita.bdf  ;
; display/displayEsquerda.bdf      ; yes             ; User Block Diagram/Schematic File  ; E:/Users/mms11/Downloads/ProjetoULA-20220822T163714Z-001/ProjetoULA/display/displayEsquerda.bdf ;
; display/LASTone.bdf              ; yes             ; User Block Diagram/Schematic File  ; E:/Users/mms11/Downloads/ProjetoULA-20220822T163714Z-001/ProjetoULA/display/LASTone.bdf         ;
; display/lpm_inv0.tdf             ; yes             ; User Wizard-Generated File         ; E:/Users/mms11/Downloads/ProjetoULA-20220822T163714Z-001/ProjetoULA/display/lpm_inv0.tdf        ;
; CelulaMaior.bdf                  ; yes             ; User Block Diagram/Schematic File  ; E:/Users/mms11/Downloads/ProjetoULA-20220822T163714Z-001/ProjetoULA/CelulaMaior.bdf             ;
; MaiorCompleto.bdf                ; yes             ; User Block Diagram/Schematic File  ; E:/Users/mms11/Downloads/ProjetoULA-20220822T163714Z-001/ProjetoULA/MaiorCompleto.bdf           ;
; IgualCompleto.bdf                ; yes             ; User Block Diagram/Schematic File  ; E:/Users/mms11/Downloads/ProjetoULA-20220822T163714Z-001/ProjetoULA/IgualCompleto.bdf           ;
; FuncaoAND.bdf                    ; yes             ; User Block Diagram/Schematic File  ; E:/Users/mms11/Downloads/ProjetoULA-20220822T163714Z-001/ProjetoULA/FuncaoAND.bdf               ;
; FuncaoXOR.bdf                    ; yes             ; User Block Diagram/Schematic File  ; E:/Users/mms11/Downloads/ProjetoULA-20220822T163714Z-001/ProjetoULA/FuncaoXOR.bdf               ;
; InversorB.bdf                    ; yes             ; User Block Diagram/Schematic File  ; E:/Users/mms11/Downloads/ProjetoULA-20220822T163714Z-001/ProjetoULA/InversorB.bdf               ;
; ComplementoDeDois.bdf            ; yes             ; User Block Diagram/Schematic File  ; E:/Users/mms11/Downloads/ProjetoULA-20220822T163714Z-001/ProjetoULA/ComplementoDeDois.bdf       ;
; MUXComplementoDeDois.bdf         ; yes             ; User Block Diagram/Schematic File  ; E:/Users/mms11/Downloads/ProjetoULA-20220822T163714Z-001/ProjetoULA/MUXComplementoDeDois.bdf    ;
; AmaiorB.bdf                      ; yes             ; User Block Diagram/Schematic File  ; E:/Users/mms11/Downloads/ProjetoULA-20220822T163714Z-001/ProjetoULA/AmaiorB.bdf                 ;
; AmenorB.bdf                      ; yes             ; User Block Diagram/Schematic File  ; E:/Users/mms11/Downloads/ProjetoULA-20220822T163714Z-001/ProjetoULA/AmenorB.bdf                 ;
; MUX_ULA.bdf                      ; yes             ; User Block Diagram/Schematic File  ; E:/Users/mms11/Downloads/ProjetoULA-20220822T163714Z-001/ProjetoULA/MUX_ULA.bdf                 ;
; CelulaSomador.bdf                ; yes             ; User Block Diagram/Schematic File  ; E:/Users/mms11/Downloads/ProjetoULA-20220822T163714Z-001/ProjetoULA/CelulaSomador.bdf           ;
; displayentrada.bdf               ; yes             ; User Block Diagram/Schematic File  ; E:/Users/mms11/Downloads/ProjetoULA-20220822T163714Z-001/ProjetoULA/displayentrada.bdf          ;
; lpm_inv.inc                      ; yes             ; Auto-Found AHDL File               ; e:/programfiles/quartus/altera/91sp2/quartus/libraries/megafunctions/lpm_inv.inc                ;
; lpm_inv.tdf                      ; yes             ; Megafunction                       ; e:/programfiles/quartus/altera/91sp2/quartus/libraries/megafunctions/lpm_inv.tdf                ;
+----------------------------------+-----------------+------------------------------------+-------------------------------------------------------------------------------------------------+


+--------------------------------------------------------------+
; Analysis & Synthesis Resource Usage Summary                  ;
+---------------------------------------------+----------------+
; Resource                                    ; Usage          ;
+---------------------------------------------+----------------+
; Estimated Total logic elements              ; 68             ;
;                                             ;                ;
; Total combinational functions               ; 68             ;
; Logic element usage by number of LUT inputs ;                ;
;     -- 4 input functions                    ; 50             ;
;     -- 3 input functions                    ; 11             ;
;     -- <=2 input functions                  ; 7              ;
;                                             ;                ;
; Logic elements by mode                      ;                ;
;     -- normal mode                          ; 68             ;
;     -- arithmetic mode                      ; 0              ;
;                                             ;                ;
; Total registers                             ; 0              ;
;     -- Dedicated logic registers            ; 0              ;
;     -- I/O registers                        ; 0              ;
;                                             ;                ;
; I/O pins                                    ; 61             ;
; Maximum fan-out node                        ; selet[1]~input ;
; Maximum fan-out                             ; 16             ;
; Total fan-out                               ; 338            ;
; Average fan-out                             ; 1.78           ;
+---------------------------------------------+----------------+


+------------------------------------------------------------------------------------------------------------------------------------------------------------------------------------------------------------------------+
; Analysis & Synthesis Resource Utilization by Entity                                                                                                                                                                    ;
+-------------------------------+-------------------+--------------+-------------+--------------+---------+-----------+------+--------------+-------------------------------------------------------------+--------------+
; Compilation Hierarchy Node    ; LC Combinationals ; LC Registers ; Memory Bits ; DSP Elements ; DSP 9x9 ; DSP 18x18 ; Pins ; Virtual Pins ; Full Hierarchy Name                                         ; Library Name ;
+-------------------------------+-------------------+--------------+-------------+--------------+---------+-----------+------+--------------+-------------------------------------------------------------+--------------+
; |MUX_ULA                      ; 68 (22)           ; 0 (0)        ; 0           ; 0            ; 0       ; 0         ; 61   ; 0            ; |MUX_ULA                                                    ; work         ;
;    |AmaiorB:inst1|            ; 7 (0)             ; 0 (0)        ; 0           ; 0            ; 0       ; 0         ; 0    ; 0            ; |MUX_ULA|AmaiorB:inst1                                      ;              ;
;       |IgualCompleto:inst1|   ; 4 (4)             ; 0 (0)        ; 0           ; 0            ; 0       ; 0         ; 0    ; 0            ; |MUX_ULA|AmaiorB:inst1|IgualCompleto:inst1                  ;              ;
;       |MaiorCompleto:inst|    ; 3 (0)             ; 0 (0)        ; 0           ; 0            ; 0       ; 0         ; 0    ; 0            ; |MUX_ULA|AmaiorB:inst1|MaiorCompleto:inst                   ;              ;
;          |CelulaMaior:inst8|  ; 3 (3)             ; 0 (0)        ; 0           ; 0            ; 0       ; 0         ; 0    ; 0            ; |MUX_ULA|AmaiorB:inst1|MaiorCompleto:inst|CelulaMaior:inst8 ;              ;
;    |LASTone:inst12|           ; 31 (0)            ; 0 (0)        ; 0           ; 0            ; 0       ; 0         ; 0    ; 0            ; |MUX_ULA|LASTone:inst12                                     ;              ;
;       |displayDireita:inst|   ; 26 (26)           ; 0 (0)        ; 0           ; 0            ; 0       ; 0         ; 0    ; 0            ; |MUX_ULA|LASTone:inst12|displayDireita:inst                 ;              ;
;       |displayEsquerda:inst1| ; 5 (5)             ; 0 (0)        ; 0           ; 0            ; 0       ; 0         ; 0    ; 0            ; |MUX_ULA|LASTone:inst12|displayEsquerda:inst1               ;              ;
;    |displayentrada:inst23|    ; 8 (0)             ; 0 (0)        ; 0           ; 0            ; 0       ; 0         ; 0    ; 0            ; |MUX_ULA|displayentrada:inst23                              ;              ;
;       |displayDireita:inst|   ; 7 (7)             ; 0 (0)        ; 0           ; 0            ; 0       ; 0         ; 0    ; 0            ; |MUX_ULA|displayentrada:inst23|displayDireita:inst          ;              ;
;       |displayEsquerda:inst1| ; 1 (1)             ; 0 (0)        ; 0           ; 0            ; 0       ; 0         ; 0    ; 0            ; |MUX_ULA|displayentrada:inst23|displayEsquerda:inst1        ; work         ;
+-------------------------------+-------------------+--------------+-------------+--------------+---------+-----------+------+--------------+-------------------------------------------------------------+--------------+
Note: For table entries with two numbers listed, the numbers in parentheses indicate the number of resources of the given type used by the specific entity alone. The numbers listed outside of parentheses indicate the total resources of the given type used by the specific entity and all of its sub-entities in the hierarchy.


+------------------------------------------------------+
; General Register Statistics                          ;
+----------------------------------------------+-------+
; Statistic                                    ; Value ;
+----------------------------------------------+-------+
; Total registers                              ; 0     ;
; Number of registers using Synchronous Clear  ; 0     ;
; Number of registers using Synchronous Load   ; 0     ;
; Number of registers using Asynchronous Clear ; 0     ;
; Number of registers using Asynchronous Load  ; 0     ;
; Number of registers using Clock Enable       ; 0     ;
; Number of registers using Preset             ; 0     ;
+----------------------------------------------+-------+


+---------------------------------------------------------------------------------------------------------------------------+
; Parameter Settings for User Entity Instance: LASTone:inst12|displayDireita:inst|lpm_inv0:inst65|lpm_inv:lpm_inv_component ;
+----------------+-------+--------------------------------------------------------------------------------------------------+
; Parameter Name ; Value ; Type                                                                                             ;
+----------------+-------+--------------------------------------------------------------------------------------------------+
; LPM_WIDTH      ; 5     ; Untyped                                                                                          ;
+----------------+-------+--------------------------------------------------------------------------------------------------+
Note: In order to hide this table in the UI and the text report file, please set the "Show Parameter Settings Tables in Synthesis Report" option in "Analysis and Synthesis Settings -> More Settings" to "Off".


+-----------------------------------------------------------------------------------------------------------------------------+
; Parameter Settings for User Entity Instance: LASTone:inst12|displayEsquerda:inst1|lpm_inv0:inst33|lpm_inv:lpm_inv_component ;
+----------------+-------+----------------------------------------------------------------------------------------------------+
; Parameter Name ; Value ; Type                                                                                               ;
+----------------+-------+----------------------------------------------------------------------------------------------------+
; LPM_WIDTH      ; 5     ; Untyped                                                                                            ;
+----------------+-------+----------------------------------------------------------------------------------------------------+
Note: In order to hide this table in the UI and the text report file, please set the "Show Parameter Settings Tables in Synthesis Report" option in "Analysis and Synthesis Settings -> More Settings" to "Off".


+----------------------------------------------------------------------------------------------------------------------------------+
; Parameter Settings for User Entity Instance: displayentrada:inst23|displayDireita:inst|lpm_inv0:inst65|lpm_inv:lpm_inv_component ;
+----------------+-------+---------------------------------------------------------------------------------------------------------+
; Parameter Name ; Value ; Type                                                                                                    ;
+----------------+-------+---------------------------------------------------------------------------------------------------------+
; LPM_WIDTH      ; 5     ; Untyped                                                                                                 ;
+----------------+-------+---------------------------------------------------------------------------------------------------------+
Note: In order to hide this table in the UI and the text report file, please set the "Show Parameter Settings Tables in Synthesis Report" option in "Analysis and Synthesis Settings -> More Settings" to "Off".


+------------------------------------------------------------------------------------------------------------------------------------+
; Parameter Settings for User Entity Instance: displayentrada:inst23|displayEsquerda:inst1|lpm_inv0:inst33|lpm_inv:lpm_inv_component ;
+----------------+-------+-----------------------------------------------------------------------------------------------------------+
; Parameter Name ; Value ; Type                                                                                                      ;
+----------------+-------+-----------------------------------------------------------------------------------------------------------+
; LPM_WIDTH      ; 5     ; Untyped                                                                                                   ;
+----------------+-------+-----------------------------------------------------------------------------------------------------------+
Note: In order to hide this table in the UI and the text report file, please set the "Show Parameter Settings Tables in Synthesis Report" option in "Analysis and Synthesis Settings -> More Settings" to "Off".


+----------------------------------------------------------------------------------------------------------------------------------+
; Parameter Settings for User Entity Instance: displayentrada:inst21|displayDireita:inst|lpm_inv0:inst65|lpm_inv:lpm_inv_component ;
+----------------+-------+---------------------------------------------------------------------------------------------------------+
; Parameter Name ; Value ; Type                                                                                                    ;
+----------------+-------+---------------------------------------------------------------------------------------------------------+
; LPM_WIDTH      ; 5     ; Untyped                                                                                                 ;
+----------------+-------+---------------------------------------------------------------------------------------------------------+
Note: In order to hide this table in the UI and the text report file, please set the "Show Parameter Settings Tables in Synthesis Report" option in "Analysis and Synthesis Settings -> More Settings" to "Off".


+------------------------------------------------------------------------------------------------------------------------------------+
; Parameter Settings for User Entity Instance: displayentrada:inst21|displayEsquerda:inst1|lpm_inv0:inst33|lpm_inv:lpm_inv_component ;
+----------------+-------+-----------------------------------------------------------------------------------------------------------+
; Parameter Name ; Value ; Type                                                                                                      ;
+----------------+-------+-----------------------------------------------------------------------------------------------------------+
; LPM_WIDTH      ; 5     ; Untyped                                                                                                   ;
+----------------+-------+-----------------------------------------------------------------------------------------------------------+
Note: In order to hide this table in the UI and the text report file, please set the "Show Parameter Settings Tables in Synthesis Report" option in "Analysis and Synthesis Settings -> More Settings" to "Off".


+-------------------------------+
; Analysis & Synthesis Messages ;
+-------------------------------+
Info: *******************************************************************
Info: Running Quartus II Analysis & Synthesis
    Info: Version 9.1 Build 350 03/24/2010 Service Pack 2 SJ Full Version
    Info: Processing started: Mon Aug 22 16:56:47 2022
Info: Command: quartus_map --read_settings_files=on --write_settings_files=off IgualCompleto -c IgualCompleto
Info: Parallel compilation is enabled and will use 8 of the 8 processors detected
Info: Found 1 design units, including 1 entities, in source file display/displaydireita.bdf
    Info: Found entity 1: displayDireita
Info: Found 1 design units, including 1 entities, in source file display/displayesquerda.bdf
    Info: Found entity 1: displayEsquerda
Info: Found 1 design units, including 1 entities, in source file display/lastone.bdf
    Info: Found entity 1: LASTone
Info: Found 1 design units, including 1 entities, in source file display/lpm_inv0.tdf
    Info: Found entity 1: lpm_inv0
Info: Found 1 design units, including 1 entities, in source file celulamaior.bdf
    Info: Found entity 1: CelulaMaior
Info: Found 1 design units, including 1 entities, in source file maiorcompleto.bdf
    Info: Found entity 1: MaiorCompleto
Info: Found 1 design units, including 1 entities, in source file igualcompleto.bdf
    Info: Found entity 1: IgualCompleto
Info: Found 1 design units, including 1 entities, in source file celulamenor.bdf
    Info: Found entity 1: CelulaMenor
Info: Found 1 design units, including 1 entities, in source file menorcompleto.bdf
    Info: Found entity 1: MenorCompleto
Info: Found 1 design units, including 1 entities, in source file funcaoand.bdf
    Info: Found entity 1: FuncaoAND
Info: Found 1 design units, including 1 entities, in source file funcaoxor.bdf
    Info: Found entity 1: FuncaoXOR
Info: Found 1 design units, including 1 entities, in source file inversorb.bdf
    Info: Found entity 1: InversorB
Info: Found 1 design units, including 1 entities, in source file complementodedois.bdf
    Info: Found entity 1: ComplementoDeDois
Info: Found 1 design units, including 1 entities, in source file muxcomplementodedois.bdf
    Info: Found entity 1: MUXComplementoDeDois
Info: Found 1 design units, including 1 entities, in source file amaiorb.bdf
    Info: Found entity 1: AmaiorB
Info: Found 1 design units, including 1 entities, in source file amenorb.bdf
    Info: Found entity 1: AmenorB
Info: Found 1 design units, including 1 entities, in source file mux_ula.bdf
    Info: Found entity 1: MUX_ULA
Info: Found 1 design units, including 1 entities, in source file celulasomador.bdf
    Info: Found entity 1: CelulaSomador
Info: Found 1 design units, including 1 entities, in source file somacompleto.bdf
    Info: Found entity 1: SomaCompleto
Info: Found 1 design units, including 1 entities, in source file asomab.bdf
    Info: Found entity 1: AsomaB
Info: Found 1 design units, including 1 entities, in source file displayentrada.bdf
    Info: Found entity 1: displayentrada
Info: Elaborating entity "MUX_ULA" for the top level hierarchy
Warning: Block or symbol "displayentrada" of instance "inst21" overlaps another block or symbol
Warning: Pin "dirEntrada[6..0]" is missing source
Warning: Pin "esqEntrada[6..0]" is missing source
Info: Elaborating entity "AmaiorB" for hierarchy "AmaiorB:inst1"
Info: Elaborating entity "MaiorCompleto" for hierarchy "AmaiorB:inst1|MaiorCompleto:inst"
Info: Elaborating entity "CelulaMaior" for hierarchy "AmaiorB:inst1|MaiorCompleto:inst|CelulaMaior:inst8"
Info: Elaborating entity "IgualCompleto" for hierarchy "AmaiorB:inst1|IgualCompleto:inst1"
Info: Elaborating entity "AmenorB" for hierarchy "AmenorB:inst2"
Info: Elaborating entity "FuncaoAND" for hierarchy "FuncaoAND:inst17"
Info: Elaborating entity "FuncaoXOR" for hierarchy "FuncaoXOR:inst14"
Info: Elaborating entity "MUXComplementoDeDois" for hierarchy "MUXComplementoDeDois:inst22"
Info: Elaborating entity "ComplementoDeDois" for hierarchy "MUXComplementoDeDois:inst22|ComplementoDeDois:inst5"
Info: Elaborating entity "CelulaSomador" for hierarchy "MUXComplementoDeDois:inst22|ComplementoDeDois:inst5|CelulaSomador:inst10"
Info: Elaborating entity "InversorB" for hierarchy "MUXComplementoDeDois:inst22|ComplementoDeDois:inst5|InversorB:inst"
Info: Elaborating entity "LASTone" for hierarchy "LASTone:inst12"
Info: Elaborating entity "displayDireita" for hierarchy "LASTone:inst12|displayDireita:inst"
Warning: Block or symbol "AND3" of instance "inst3" overlaps another block or symbol
Warning: Block or symbol "AND3" of instance "inst5" overlaps another block or symbol
Warning: Block or symbol "AND3" of instance "inst7" overlaps another block or symbol
Warning: Block or symbol "AND2" of instance "inst10" overlaps another block or symbol
Warning: Block or symbol "AND2" of instance "inst12" overlaps another block or symbol
Warning: Block or symbol "AND3" of instance "inst14" overlaps another block or symbol
Info: Elaborating entity "lpm_inv0" for hierarchy "LASTone:inst12|displayDireita:inst|lpm_inv0:inst65"
Info: Elaborating entity "lpm_inv" for hierarchy "LASTone:inst12|displayDireita:inst|lpm_inv0:inst65|lpm_inv:lpm_inv_component"
Info: Elaborated megafunction instantiation "LASTone:inst12|displayDireita:inst|lpm_inv0:inst65|lpm_inv:lpm_inv_component"
Info: Instantiated megafunction "LASTone:inst12|displayDireita:inst|lpm_inv0:inst65|lpm_inv:lpm_inv_component" with the following parameter:
    Info: Parameter "LPM_TYPE" = "LPM_INV"
    Info: Parameter "LPM_WIDTH" = "5"
Info: Elaborating entity "displayEsquerda" for hierarchy "LASTone:inst12|displayEsquerda:inst1"
Info: Elaborating entity "displayentrada" for hierarchy "displayentrada:inst23"
Warning: Output pins are stuck at VCC or GND
    Warning (13410): Pin "dirEntrada[6]" is stuck at GND
    Warning (13410): Pin "dirEntrada[5]" is stuck at GND
    Warning (13410): Pin "dirEntrada[4]" is stuck at GND
    Warning (13410): Pin "dirEntrada[3]" is stuck at GND
    Warning (13410): Pin "dirEntrada[2]" is stuck at GND
    Warning (13410): Pin "dirEntrada[1]" is stuck at GND
    Warning (13410): Pin "dirEntrada[0]" is stuck at GND
    Warning (13410): Pin "esq[1]" is stuck at GND
    Warning (13410): Pin "esqEntrada[6]" is stuck at GND
    Warning (13410): Pin "esqEntrada[5]" is stuck at GND
    Warning (13410): Pin "esqEntrada[4]" is stuck at GND
    Warning (13410): Pin "esqEntrada[3]" is stuck at GND
    Warning (13410): Pin "esqEntrada[2]" is stuck at GND
    Warning (13410): Pin "esqEntrada[1]" is stuck at GND
    Warning (13410): Pin "esqEntrada[0]" is stuck at GND
    Warning (13410): Pin "esqEntradaB[6]" is stuck at VCC
    Warning (13410): Pin "esqEntradaB[2]" is stuck at GND
    Warning (13410): Pin "esqEntradaB[1]" is stuck at GND
Info: Timing-Driven Synthesis is running
Info: Implemented 129 device resources after synthesis - the final resource count might be different
    Info: Implemented 13 input pins
    Info: Implemented 48 output pins
    Info: Implemented 68 logic cells
Info: Quartus II Analysis & Synthesis was successful. 0 errors, 28 warnings
    Info: Peak virtual memory: 243 megabytes
    Info: Processing ended: Mon Aug 22 16:56:49 2022
    Info: Elapsed time: 00:00:02
    Info: Total CPU time (on all processors): 00:00:02


